{
  "RSpec": {
    "coverage": {
      "/Users/nicolasiensen/Projects/compartilhaco/config/environment.rb": [
        null,
        1,
        null,
        null,
        1
      ],
      "/Users/nicolasiensen/Projects/compartilhaco/config/application.rb": [
        1,
        null,
        null,
        1,
        1,
        1,
        1,
        1,
        1,
        null,
        null,
        null,
        null,
        1,
        null,
        1,
        1,
        null,
        null,
        null,
        null,
        null,
        null,
        null,
        null,
        null,
        null,
        null,
        null,
        1,
        null,
        1,
        1,
        null,
        null,
        null
      ],
      "/Users/nicolasiensen/Projects/compartilhaco/config/boot.rb": [
        null,
        1,
        null,
        1
      ],
      "/Users/nicolasiensen/Projects/compartilhaco/config/environments/test.rb": [
        1,
        null,
        null,
        null,
        null,
        null,
        null,
        1,
        null,
        null,
        null,
        null,
        1,
        null,
        null,
        1,
        1,
        null,
        null,
        1,
        1,
        null,
        null,
        1,
        null,
        null,
        1,
        null,
        null,
        null,
        null,
        1,
        null,
        null,
        1,
        null,
        null,
        null,
        null,
        1,
        null
      ],
      "/Users/nicolasiensen/Projects/compartilhaco/config/initializers/assets.rb": [
        null,
        null,
        null,
        1,
        null,
        null,
        null,
        null
      ],
      "/Users/nicolasiensen/Projects/compartilhaco/config/initializers/backtrace_silencers.rb": [
        null,
        null,
        null,
        null,
        null,
        null,
        null
      ],
      "/Users/nicolasiensen/Projects/compartilhaco/config/initializers/cookies_serializer.rb": [
        null,
        null,
        1
      ],
      "/Users/nicolasiensen/Projects/compartilhaco/config/initializers/filter_parameter_logging.rb": [
        null,
        null,
        null,
        1
      ],
      "/Users/nicolasiensen/Projects/compartilhaco/config/initializers/inflections.rb": [
        null,
        null,
        null,
        null,
        null,
        null,
        null,
        null,
        null,
        null,
        null,
        null,
        null,
        null,
        null,
        null
      ],
      "/Users/nicolasiensen/Projects/compartilhaco/config/initializers/mime_types.rb": [
        null,
        null,
        null,
        null
      ],
      "/Users/nicolasiensen/Projects/compartilhaco/config/initializers/omniauth.rb": [
        1,
        1,
        null
      ],
      "/Users/nicolasiensen/Projects/compartilhaco/config/initializers/session_store.rb": [
        null,
        null,
        1
      ],
      "/Users/nicolasiensen/Projects/compartilhaco/config/initializers/wrap_parameters.rb": [
        null,
        null,
        null,
        null,
        null,
        null,
        1,
        1,
        null,
        null,
        null,
        null,
        null,
        null
      ],
      "/Users/nicolasiensen/Projects/compartilhaco/config/routes.rb": [
        1,
        1,
        1,
        null,
        1,
        null,
        null,
        null,
        null,
        null,
        null,
        null,
        null,
        null,
        null,
        null,
        null,
        null,
        null,
        null,
        null,
        null,
        null,
        null,
        null,
        null,
        null,
        null,
        null,
        null,
        null,
        null,
        null,
        null,
        null,
        null,
        null,
        null,
        null,
        null,
        null,
        null,
        null,
        null,
        null,
        null,
        null,
        null,
        null,
        null,
        null,
        null,
        null,
        null,
        null,
        null,
        null,
        null,
        null,
        null,
        null
      ],
      "/Users/nicolasiensen/Projects/compartilhaco/app/helpers/application_helper.rb": [
        1,
        null
      ],
      "/Users/nicolasiensen/Projects/compartilhaco/app/helpers/campaign_spreaders_helper.rb": [
        1,
        null
      ],
      "/Users/nicolasiensen/Projects/compartilhaco/spec/support/blueprints.rb": [
        1,
        null,
        1,
        null,
        null,
        1,
        null,
        null,
        null,
        1,
        null,
        null,
        null,
        1,
        null,
        null,
        null,
        1,
        null,
        null
      ],
      "/Users/nicolasiensen/Projects/compartilhaco/app/models/campaign.rb": [
        1,
        null
      ],
      "/Users/nicolasiensen/Projects/compartilhaco/app/models/campaign_spreader.rb": [
        1,
        1,
        null
      ],
      "/Users/nicolasiensen/Projects/compartilhaco/app/models/user.rb": [
        1,
        1,
        null
      ],
      "/Users/nicolasiensen/Projects/compartilhaco/app/models/facebook_profile.rb": [
        1,
        null
      ],
      "/Users/nicolasiensen/Projects/compartilhaco/app/models/timeline.rb": [
        1,
        1,
        1,
        null
      ],
      "/Users/nicolasiensen/Projects/compartilhaco/app/controllers/campaigns_controller.rb": [
        1,
        1,
        2,
        null,
        null
      ],
      "/Users/nicolasiensen/Projects/compartilhaco/app/controllers/application_controller.rb": [
        1,
        null,
        null,
        1,
        null
      ],
      "/Users/nicolasiensen/Projects/compartilhaco/app/controllers/campaign_spreaders_controller.rb": [
        1,
        1,
        2,
        1,
        1,
        1,
        1,
        null,
        1,
        null,
        null,
        null,
        null,
        null,
        1,
        null,
        null,
        null,
        null,
        null,
        null,
        1,
        1,
        null,
        null,
        null
      ]
    },
    "timestamp": 1408067702
  }
}
